<?xml version="1.0" encoding="UTF-8"?>
<testsuite xmlns:xsi="http://www.w3.org/2001/XMLSchema-instance" xsi:noNamespaceSchemaLocation="https://maven.apache.org/surefire/maven-surefire-plugin/xsd/surefire-test-report-3.0.xsd" version="3.0" name="com.example.booking.service.impl.ReservationServiceImplTest" time="10.401" tests="3" errors="0" skipped="0" failures="0">
  <properties>
[...]
</properties>
  <testcase name="create_只执行一次数据库库存扣减" classname="com.example.booking.service.impl.ReservationServiceImplTest" time="10.363">
    <system-out><![CDATA[16:10:20.103 [main] INFO com.example.booking.service.impl.ReservationServiceImpl -- 下单成功 orderNo=B202609121610205928 slotId=1 userId=1
]]></system-out>
    <system-err><![CDATA[WARNING: A Java agent has been loaded dynamically (D:\booking-linked\.m2\net\bytebuddy\byte-buddy-agent\1.14.19\byte-buddy-agent-1.14.19.jar)
WARNING: If a serviceability tool is in use, please run with -XX:+EnableDynamicAgentLoading to hide this warning
WARNING: If a serviceability tool is not in use, please run with -Djdk.instrument.traceUsage for more information
WARNING: Dynamic loading of agents will be disallowed by default in a future release
]]></system-err>
  </testcase>
  <testcase name="cancel_释放后以数据库最新可用库存校准缓存" classname="com.example.booking.service.impl.ReservationServiceImplTest" time="0.004"/>
  <testcase name="create_Redis显示空库存时仍由数据库最终裁决" classname="com.example.booking.service.impl.ReservationServiceImplTest" time="0.004">
    <system-out><![CDATA[16:10:20.369 [main] INFO com.example.booking.service.impl.ReservationServiceImpl -- 下单成功 orderNo=B202609121610204805 slotId=1 userId=1
]]></system-out>
  </testcase>
</testsuite>